<?xml version="1.0" encoding="UTF-8"?>
<!-- Generated by org.testng.reporters.JUnitReportReporter -->
<testsuite hostname="DESKTOP-O21U291" failures="0" tests="3" name="testCases.TC_001_AccountRegistrationTest" time="33.416" errors="0" timestamp="2025-01-17T16:09:35 IST" skipped="0">
  <testcase classname="testCases.TC_001_AccountRegistrationTest" name="verify_account_registration" time="16.658"/>
  <testcase classname="testCases.TC_001_AccountRegistrationTest" name="verify_account_registration" time="6.097"/>
  <testcase classname="testCases.TC_001_AccountRegistrationTest" name="verify_account_registration" time="10.661"/>
</testsuite> <!-- testCases.TC_001_AccountRegistrationTest -->
