<?xml version="1.0" encoding="UTF-8"?>
<!-- Generated by org.testng.reporters.JUnitReportReporter -->
<testsuite hostname="DESKTOP-O21U291" failures="0" tests="1" name="testCases.TC_003_LoginDDT" time="11.432" errors="0" timestamp="2025-01-19T08:26:58 IST" skipped="0">
  <testcase classname="testCases.TC_003_LoginDDT" name="verify_loginDDT" time="11.432"/>
</testsuite> <!-- testCases.TC_003_LoginDDT -->
