<?xml version="1.0" encoding="UTF-8"?>
<!-- Generated by org.testng.reporters.JUnitReportReporter -->
<testsuite hostname="DESKTOP-O21U291" failures="0" tests="1" name="testCases.TC_002_LoginTest" time="4.580" errors="0" timestamp="2025-01-18T05:06:22 IST" skipped="0">
  <testcase classname="testCases.TC_002_LoginTest" name="verify_login" time="4.580"/>
</testsuite> <!-- testCases.TC_002_LoginTest -->
